2025-08-27 12:37:47:254 [Appium] Welcome to Appium v3.0.1 (REV 02947ea4edbdef5fcce9ee57fa289547f4d096c9)
2025-08-27 12:37:47:255 [Appium] Non-default server args:
2025-08-27 12:37:47:255 [Appium] { basePath: '/wd/hub' }
2025-08-27 12:37:47:256 [Appium] The autodetected Appium home path: /Users/swt/.appium
2025-08-27 12:37:47:256 [Appium] Attempting to load driver uiautomator2...
2025-08-27 12:37:47:257 [Appium] Requiring driver at /Users/swt/.appium/node_modules/appium-uiautomator2-driver/build/index.js
2025-08-27 12:37:47:608 [Appium] AndroidUiautomator2Driver has been successfully loaded in 0.351s
2025-08-27 12:37:47:617 [Appium] Appium REST http interface listener started on http://0.0.0.0:4723/wd/hub
2025-08-27 12:37:47:617 [Appium] You can provide the following URLs in your client code to connect to this server:
	http://127.0.0.1:4723/wd/hub (only accessible from the same host)
	http://10.18.229.63:4723/wd/hub
2025-08-27 12:37:47:617 [Appium] Available drivers:
2025-08-27 12:37:47:617 [Appium]   - uiautomator2@5.0.0 (automationName 'UiAutomator2')
2025-08-27 12:37:47:617 [Appium] No plugins have been installed. Use the "appium plugin" command to install the one(s) you want to use.
2025-08-27 12:37:56:822 [HTTP] Request idempotency key: 7ff2f988-e5f6-4845-8054-950bdfea2469
2025-08-27 12:37:56:828 [HTTP] --> POST /wd/hub/session {"capabilities":{"firstMatch":[{}],"alwaysMatch":{"appium:autoGrantPermissions":true,"appium:automationName":"UiAutomator2","appium:chromedriverExecutableDir":"/opt/homebrew/lib/node_modules/chromedriver/lib/chromedriver","appium:deviceName":"sdk_gphone64_arm64","appium:fullReset":false,"appium:newCommandTimeout":60,"appium:noReset":true,"appium:platformVersion":"16","appium:systemPort":8200,"appium:udid":"emulator-5554","browserName":"Chrome","platformName":"ANDROID"}}}
2025-08-27 12:37:56:828 [AppiumDriver@5c2b] Calling AppiumDriver.createSession() with args: [{"firstMatch":[{}],"alwaysMatch":{"appium:autoGrantPermissions":true,"appium:automationName":"UiAutomator2","appium:chromedriverExecutableDir":"/opt/homebrew/lib/node_modules/chromedriver/lib/chromedriver","appium:deviceName":"sdk_gphone64_arm64","appium:fullReset":false,"appium:newCommandTimeout":60,"appium:noReset":true,"appium:platformVersion":"16","appium:systemPort":8200,"appium:udid":"emulator-5554","browserName":"Chrome","platformName":"ANDROID"}},{"firstMatch":[{}],"alwaysMatch":{"appium:autoGrantPermissions":true,"appium:automationName":"UiAutomator2","appium:chromedriverExecutableDir":"/opt/homebrew/lib/node_modules/chromedriver/lib/chromedriver","appium:deviceName":"sdk_gphone64_arm64","appium:fullReset":false,"appium:newCommandTimeout":60,"appium:noReset":true,"appium:platformVersion":"16","appium:systemPort":8200,"appium:udid":"emulator-5554","browserName":"Chrome","platformName":"ANDROID"}},{"firstMatch":[{}],"alwaysMatch":{"appium:autoGrantPermissions":true,"appium:automationName":"UiAutoma...
2025-08-27 12:37:56:829 [AppiumDriver@5c2b] Event 'newSessionRequested' logged at 1756298276829 (15:37:56 GMT+0300 (GMT+03:00))
2025-08-27 12:37:56:830 [Appium] Attempting to find matching driver for automationName 'UiAutomator2' and platformName 'ANDROID'
2025-08-27 12:37:56:830 [Appium] The 'uiautomator2' driver was installed and matched caps.
2025-08-27 12:37:56:830 [Appium] Will require it at /Users/swt/.appium/node_modules/appium-uiautomator2-driver
2025-08-27 12:37:56:830 [Appium] Requiring driver at /Users/swt/.appium/node_modules/appium-uiautomator2-driver/build/index.js
2025-08-27 12:37:56:830 [AppiumDriver@5c2b] Appium v3.0.1 creating new AndroidUiautomator2Driver (v5.0.0) session
2025-08-27 12:37:56:830 [AppiumDriver@5c2b] Checking BaseDriver versions for Appium and AndroidUiautomator2Driver
2025-08-27 12:37:56:830 [AppiumDriver@5c2b] Appium's BaseDriver version is 10.0.0
2025-08-27 12:37:56:830 [AppiumDriver@5c2b] AndroidUiautomator2Driver's BaseDriver version is 10.0.0
2025-08-27 12:37:56:832 [38;5;-79m[AndroidUiautomator2Driver@1470] 
2025-08-27 12:37:56:832 [38;5;-79m[AndroidUiautomator2Driver@1470] Creating session with W3C capabilities: {
  "alwaysMatch": {
    "browserName": "Chrome",
    "platformName": "ANDROID",
    "appium:autoGrantPermissions": true,
    "appium:automationName": "UiAutomator2",
    "appium:chromedriverExecutableDir": "/opt/homebrew/lib/node_modules/chromedriver/lib/chromedriver",
    "appium:deviceName": "sdk_gphone64_arm64",
    "appium:fullReset": false,
    "appium:newCommandTimeout": 60,
    "appium:noReset": true,
    "appium:platformVersion": "16",
    "appium:systemPort": 8200,
    "appium:udid": "emulator-5554"
  },
  "firstMatch": [
    {}
  ]
}
2025-08-27 12:37:56:834 [a7d59379][38;5;-79m[AndroidUiautomator2Driver@1470] Session created with session id: a7d59379-1524-4c91-81a0-5a2d2c299e4e
2025-08-27 12:37:56:839 [a7d59379][ADB] Found 3 'build-tools' folders under '/Users/swt/Library/Android/sdk' (newest first):
2025-08-27 12:37:56:839 [a7d59379][ADB]     /Users/swt/Library/Android/sdk/build-tools/36.1.0-rc1
2025-08-27 12:37:56:839 [a7d59379][ADB]     /Users/swt/Library/Android/sdk/build-tools/36.0.0
2025-08-27 12:37:56:839 [a7d59379][ADB]     /Users/swt/Library/Android/sdk/build-tools/35.0.0
2025-08-27 12:37:56:839 [a7d59379][ADB] Using 'adb' from '/Users/swt/Library/Android/sdk/platform-tools/adb'
2025-08-27 12:37:56:839 [a7d59379][ADB] Running '/Users/swt/Library/Android/sdk/platform-tools/adb -P 5037 start-server'
2025-08-27 12:37:56:862 [a7d59379][38;5;-79m[AndroidUiautomator2Driver@1470] Retrieving device list
2025-08-27 12:37:56:862 [a7d59379][ADB] Trying to find connected Android devices
2025-08-27 12:37:56:862 [a7d59379][ADB] Getting connected devices
2025-08-27 12:37:56:870 [a7d59379][ADB] Connected devices: [{"udid":"emulator-5554","state":"device"},{"udid":"emulator-5556","state":"device"}]
2025-08-27 12:37:56:870 [a7d59379][38;5;-79m[AndroidUiautomator2Driver@1470] Using device: emulator-5554
2025-08-27 12:37:56:871 [a7d59379][ADB] Using 'adb' from '/Users/swt/Library/Android/sdk/platform-tools/adb'
2025-08-27 12:37:56:871 [a7d59379][ADB] Running '/Users/swt/Library/Android/sdk/platform-tools/adb -P 5037 start-server'
2025-08-27 12:37:56:879 [a7d59379][ADB] Setting device id to emulator-5554
2025-08-27 12:37:56:879 [a7d59379][38;5;-79m[AndroidUiautomator2Driver@1470] We're going to run a Chrome-based session
2025-08-27 12:37:56:879 [a7d59379][ADB] Running '/Users/swt/Library/Android/sdk/platform-tools/adb -P 5037 -s emulator-5554 shell getprop ro.build.version.sdk'
2025-08-27 12:37:56:903 [a7d59379][ADB] Current device property 'ro.build.version.sdk': 36
2025-08-27 12:37:56:903 [a7d59379][ADB] Getting device platform version
2025-08-27 12:37:56:903 [a7d59379][ADB] Running '/Users/swt/Library/Android/sdk/platform-tools/adb -P 5037 -s emulator-5554 shell getprop ro.build.version.release'
2025-08-27 12:37:56:921 [a7d59379][ADB] Current device property 'ro.build.version.release': 16
2025-08-27 12:37:56:922 [a7d59379][ADB] Device API level: 36
2025-08-27 12:37:56:922 [a7d59379][ADB] Running '/Users/swt/Library/Android/sdk/platform-tools/adb -P 5037 -s emulator-5554 shell cmd package resolve-activity --brief com.android.chrome'
2025-08-27 12:37:56:941 [a7d59379][38;5;-79m[AndroidUiautomator2Driver@1470] Chrome-type package and activity are com.android.chrome and com.android.chrome/com.google.android.apps.chrome.Main
2025-08-27 12:37:56:941 [a7d59379][38;5;-79m[AndroidUiautomator2Driver@1470] Starting 'com.android.chrome' directly on the device
2025-08-27 12:37:56:941 [a7d59379][38;5;-79m[AndroidUiautomator2Driver@1470] Relaxing hidden api policy
2025-08-27 12:37:56:941 [a7d59379][ADB] Running '/Users/swt/Library/Android/sdk/platform-tools/adb -P 5037 -s emulator-5554 shell 'settings put global hidden_api_policy_pre_p_apps 1;settings put global hidden_api_policy_p_apps 1;settings put global hidden_api_policy 1''
2025-08-27 12:37:56:942 [a7d59379][ADB] Running '/Users/swt/Library/Android/sdk/platform-tools/adb -P 5037 -s emulator-5554 wait-for-device'
2025-08-27 12:37:56:950 [a7d59379][ADB] Running '/Users/swt/Library/Android/sdk/platform-tools/adb -P 5037 -s emulator-5554 shell echo ping'
2025-08-27 12:37:56:965 [a7d59379][38;5;-79m[AndroidUiautomator2Driver@1470] Pushing settings apk to the device...
2025-08-27 12:37:56:966 [a7d59379][ADB] Getting package info for 'io.appium.settings'
2025-08-27 12:37:56:966 [a7d59379][ADB] Running '/Users/swt/Library/Android/sdk/platform-tools/adb -P 5037 -s emulator-5554 shell dumpsys package io.appium.settings'
2025-08-27 12:37:56:994 [a7d59379][ADB] Using 'aapt2' from '/Users/swt/Library/Android/sdk/build-tools/36.1.0-rc1/aapt2'
2025-08-27 12:37:56:994 [a7d59379][ADB] Reading package manifest: '/Users/swt/Library/Android/sdk/build-tools/36.1.0-rc1/aapt2 dump badging /Users/swt/.appium/node_modules/appium-uiautomator2-driver/node_modules/io.appium.settings/apks/settings_apk-debug.apk'
2025-08-27 12:37:57:016 [a7d59379][ADB] The version name of the installed 'io.appium.settings' is greater or equal to the application version name ('6.0.0' >= '6.0.0')
2025-08-27 12:37:57:016 [a7d59379][ADB] There is no need to install/upgrade '/Users/swt/.appium/node_modules/appium-uiautomator2-driver/node_modules/io.appium.settings/apks/settings_apk-debug.apk'
2025-08-27 12:37:57:016 [a7d59379][ADB] Running '/Users/swt/Library/Android/sdk/platform-tools/adb -P 5037 -s emulator-5554 shell dumpsys activity services io.appium.settings'
2025-08-27 12:37:57:033 [a7d59379][38;5;-79m[AndroidUiautomator2Driver@1470] io.appium.settings is already running. There is no need to reset its permissions.
2025-08-27 12:37:57:033 [a7d59379][Logcat] Starting logs capture with command: /Users/swt/Library/Android/sdk/platform-tools/adb -P 5037 -s emulator-5554 logcat -v threadtime
2025-08-27 12:37:57:052 [a7d59379][38;5;-79m[AndroidUiautomator2Driver@1470] Forwarding UiAutomator2 Server port 6790 to local port 8200
2025-08-27 12:37:57:053 [a7d59379][ADB] Forwarding system: 8200 to device: 6790
2025-08-27 12:37:57:053 [a7d59379][ADB] Running '/Users/swt/Library/Android/sdk/platform-tools/adb -P 5037 -s emulator-5554 forward tcp:8200 tcp:6790'
2025-08-27 12:37:57:064 [a7d59379][38;5;-79m[AndroidUiautomator2Driver@1470] UIA2Proxy options: {"server":"127.0.0.1","port":8200,"keepAlive":true,"scheme":"http","base":"","reqBasePath":"","sessionId":null,"timeout":240000}
2025-08-27 12:37:57:064 [a7d59379][ADB] Getting package info for 'io.appium.uiautomator2.server'
2025-08-27 12:37:57:064 [a7d59379][ADB] Running '/Users/swt/Library/Android/sdk/platform-tools/adb -P 5037 -s emulator-5554 shell dumpsys package io.appium.uiautomator2.server'
2025-08-27 12:37:57:064 [a7d59379][ADB] Getting install status for io.appium.uiautomator2.server.test
2025-08-27 12:37:57:064 [a7d59379][38;5;-79m[AndroidUiautomator2Driver@1470] No app capability. Assuming it is already on the device
2025-08-27 12:37:57:065 [a7d59379][ADB] Running '/Users/swt/Library/Android/sdk/platform-tools/adb -P 5037 -s emulator-5554 shell cmd package list packages'
2025-08-27 12:37:57:094 [a7d59379][ADB] 'io.appium.uiautomator2.server.test' is installed
2025-08-27 12:37:57:104 [a7d59379][ADB] Reading package manifest: '/Users/swt/Library/Android/sdk/build-tools/36.1.0-rc1/aapt2 dump badging /Users/swt/.appium/node_modules/appium-uiautomator2-driver/node_modules/appium-uiautomator2-server/apks/appium-uiautomator2-server-v8.0.0.apk'
2025-08-27 12:37:57:153 [a7d59379][ADB] The version name of the installed 'io.appium.uiautomator2.server' is greater or equal to the application version name ('8.0.0' >= '8.0.0')
2025-08-27 12:37:57:153 [a7d59379][38;5;-79m[AndroidUiautomator2Driver@1470] Server packages status: [{"installState":"sameVersionInstalled","appPath":"/Users/swt/.appium/node_modules/appium-uiautomator2-driver/node_modules/appium-uiautomator2-server/apks/appium-uiautomator2-server-v8.0.0.apk","appId":"io.appium.uiautomator2.server"},{"installState":"sameVersionInstalled","appPath":"/Users/swt/.appium/node_modules/appium-uiautomator2-driver/node_modules/appium-uiautomator2-server/apks/appium-uiautomator2-server-debug-androidTest.apk","appId":"io.appium.uiautomator2.server.test"}]
2025-08-27 12:37:57:153 [a7d59379][38;5;-79m[AndroidUiautomator2Driver@1470] Server packages are not going to be (re)installed
2025-08-27 12:37:57:153 [a7d59379][38;5;-79m[AndroidUiautomator2Driver@1470] Waiting up to 30000ms for services to be available
2025-08-27 12:37:57:153 [a7d59379][ADB] Running '/Users/swt/Library/Android/sdk/platform-tools/adb -P 5037 -s emulator-5554 shell pm list instrumentation'
2025-08-27 12:37:57:185 [a7d59379][38;5;-79m[AndroidUiautomator2Driver@1470] Instrumentation target 'io.appium.uiautomator2.server.test/androidx.test.runner.AndroidJUnitRunner' is available
2025-08-27 12:37:57:186 [a7d59379][ADB] Adding packages ["io.appium.settings","io.appium.uiautomator2.server","io.appium.uiautomator2.server.test"] to Doze whitelist
2025-08-27 12:37:57:186 [a7d59379][ADB] Got the following command chunks to execute: [["dumpsys","deviceidle","whitelist","+io.appium.settings",";","dumpsys","deviceidle","whitelist","+io.appium.uiautomator2.server",";","dumpsys","deviceidle","whitelist","+io.appium.uiautomator2.server.test",";"]]
2025-08-27 12:37:57:186 [a7d59379][ADB] Running '/Users/swt/Library/Android/sdk/platform-tools/adb -P 5037 -s emulator-5554 shell dumpsys deviceidle whitelist +io.appium.settings ; dumpsys deviceidle whitelist +io.appium.uiautomator2.server ; dumpsys deviceidle whitelist +io.appium.uiautomator2.server.test ;'
2025-08-27 12:37:57:226 [a7d59379][38;5;-79m[AndroidUiautomator2Driver@1470] Performing shallow cleanup of automation leftovers
2025-08-27 12:37:57:256 [a7d59379][38;5;-79m[AndroidUiautomator2Driver@1470] No obsolete sessions have been detected (socket hang up)
2025-08-27 12:37:57:256 [a7d59379][ADB] Running '/Users/swt/Library/Android/sdk/platform-tools/adb -P 5037 -s emulator-5554 shell am force-stop io.appium.uiautomator2.server'
2025-08-27 12:37:57:257 [a7d59379][ADB] Running '/Users/swt/Library/Android/sdk/platform-tools/adb -P 5037 -s emulator-5554 shell am force-stop io.appium.uiautomator2.server.test'
2025-08-27 12:37:57:310 [a7d59379][38;5;-79m[AndroidUiautomator2Driver@1470] Starting UIAutomator2 server 8.0.0
2025-08-27 12:37:57:310 [a7d59379][38;5;-79m[AndroidUiautomator2Driver@1470] Using UIAutomator2 server from '/Users/swt/.appium/node_modules/appium-uiautomator2-driver/node_modules/appium-uiautomator2-server/apks/appium-uiautomator2-server-v8.0.0.apk' and test from '/Users/swt/.appium/node_modules/appium-uiautomator2-driver/node_modules/appium-uiautomator2-server/apks/appium-uiautomator2-server-debug-androidTest.apk'
2025-08-27 12:37:57:310 [a7d59379][38;5;-79m[AndroidUiautomator2Driver@1470] Waiting up to 30000ms for UiAutomator2 to be online...
2025-08-27 12:37:57:310 [a7d59379][ADB] Creating ADB subprocess with args: ["-P","5037","-s","emulator-5554","shell","am","instrument","-w","-e","disableAnalytics","true","io.appium.uiautomator2.server.test/androidx.test.runner.AndroidJUnitRunner"]
2025-08-27 12:37:57:313 [a7d59379][38;5;-79m[AndroidUiautomator2Driver@1470] Matched '/status' to command name 'getStatus'
2025-08-27 12:37:57:314 [a7d59379][38;5;-79m[AndroidUiautomator2Driver@1470] Proxying [GET /status] to [GET http://127.0.0.1:8200/status] with no body
2025-08-27 12:37:57:332 [a7d59379][38;5;-79m[AndroidUiautomator2Driver@1470] socket hang up
2025-08-27 12:37:57:853 [a7d59379][38;5;-79m[AndroidUiautomator2Driver@1470] [Instrumentation] 
2025-08-27 12:37:58:337 [a7d59379][38;5;-79m[AndroidUiautomator2Driver@1470] Matched '/status' to command name 'getStatus'
2025-08-27 12:37:58:337 [a7d59379][38;5;-79m[AndroidUiautomator2Driver@1470] Proxying [GET /status] to [GET http://127.0.0.1:8200/status] with no body
2025-08-27 12:37:58:376 [a7d59379][38;5;-79m[AndroidUiautomator2Driver@1470] Got response with status 200: {"sessionId":"None","value":{"build":{"version":"8.0.0","versionCode":221},"message":"UiAutomator2 Server is ready to accept commands","ready":true}}
2025-08-27 12:37:58:376 [a7d59379][38;5;-79m[AndroidUiautomator2Driver@1470] The initialization of the instrumentation process took 1066ms
2025-08-27 12:37:58:377 [a7d59379][38;5;-79m[AndroidUiautomator2Driver@1470] Matched '/session' to command name 'createSession'
2025-08-27 12:37:58:377 [a7d59379][38;5;-79m[AndroidUiautomator2Driver@1470] Proxying [POST /session] to [POST http://127.0.0.1:8200/session] with body: {"capabilities":{"firstMatch":[{"browserName":"Chrome","platformName":"ANDROID","autoGrantPermissions":true,"automationName":"UiAutomator2","chromedriverExecutableDir":"/opt/homebrew/lib/node_modules/chromedriver/lib/chromedriver","deviceName":"emulator-5554","fullReset":false,"newCommandTimeout":60,"noReset":true,"platformVersion":"16","systemPort":8200,"udid":"emulator-5554","platform":"LINUX","webStorageEnabled":false,"takesScreenshot":true,"javascriptEnabled":true,"databaseEnabled":false,"networkConnectionEnabled":true,"locationContextEnabled":false,"warnings":{},"desired":{"browserName":"Chrome","platformName":"ANDROID","autoGrantPermissions":true,"automationName":"UiAutomator2","chromedriverExecutableDir":"/opt/homebrew/lib/node_modules/chromedriver/lib/chromedriver","deviceName":"sdk_gphone64_arm64","fullReset":false,"newCommandTimeout":60,"noReset":true,"platformVersion":"16","systemPort":8200,"udid":"emulator-5554","appPackage":"com.android.chrome","appActivity":"com.android.chrome/com.google.andr...
2025-08-27 12:37:58:388 [a7d59379][38;5;-79m[AndroidUiautomator2Driver@1470] Got response with status 200: {"sessionId":"240f4778-f4bd-4a24-be13-9f7fbad1a583","value":{"capabilities":{"firstMatch":[{"browserName":"Chrome","platformName":"ANDROID","autoGrantPermissions":true,"automationName":"UiAutomator2","chromedriverExecutableDir":"/opt/homebrew/lib/node_modules/chromedriver/lib/chromedriver","deviceName":"emulator-5554","fullReset":false,"newCommandTimeout":60,"noReset":true,"platformVersion":"16","systemPort":8200,"udid":"emulator-5554","platform":"LINUX","webStorageEnabled":false,"takesScreenshot":true,"javascriptEnabled":true,"databaseEnabled":false,"networkConnectionEnabled":true,"locationContextEnabled":false,"warnings":{},"desired":{"browserName":"Chrome","platformName":"ANDROID","autoGrantPermissions":true,"automationName":"UiAutomator2","chromedriverExecutableDir":"/opt/homebrew/lib/node_modules/chromedriver/lib/chromedriver","deviceName":"sdk_gphone64_arm64","fullReset":false,"newCommandTimeout":60,"noReset":true,"platformVersion":"16","systemPort":8200,"udid":"emulator-5554","appPackage":"com.andro...
2025-08-27 12:37:58:388 [a7d59379][38;5;-79m[AndroidUiautomator2Driver@1470] Determined the downstream protocol as 'W3C'
2025-08-27 12:37:58:396 [a7d59379][38;5;-79m[AndroidUiautomator2Driver@1470] Proxying [GET /appium/device/pixel_ratio] to [GET http://127.0.0.1:8200/session/240f4778-f4bd-4a24-be13-9f7fbad1a583/appium/device/pixel_ratio] with no body
2025-08-27 12:37:58:397 [a7d59379][38;5;-79m[AndroidUiautomator2Driver@1470] Proxying [GET /appium/device/system_bars] to [GET http://127.0.0.1:8200/session/240f4778-f4bd-4a24-be13-9f7fbad1a583/appium/device/system_bars] with no body
2025-08-27 12:37:58:399 [a7d59379][38;5;-79m[AndroidUiautomator2Driver@1470] Proxying [GET /window/current/size] to [GET http://127.0.0.1:8200/session/240f4778-f4bd-4a24-be13-9f7fbad1a583/window/current/size] with no body
2025-08-27 12:37:58:400 [a7d59379][38;5;-79m[AndroidUiautomator2Driver@1470] Proxying [GET /appium/device/info] to [GET http://127.0.0.1:8200/session/240f4778-f4bd-4a24-be13-9f7fbad1a583/appium/device/info] with no body
2025-08-27 12:37:58:400 [a7d59379][ADB] Running '/Users/swt/Library/Android/sdk/platform-tools/adb -P 5037 -s emulator-5554 shell dumpsys window'
2025-08-27 12:37:58:401 [a7d59379][ADB] Running '/Users/swt/Library/Android/sdk/platform-tools/adb -P 5037 -s emulator-5554 shell dumpsys power'
2025-08-27 12:37:58:407 [a7d59379][38;5;-79m[AndroidUiautomator2Driver@1470] Got response with status 200: {"sessionId":"240f4778-f4bd-4a24-be13-9f7fbad1a583","value":2.625}
2025-08-27 12:37:58:411 [a7d59379][38;5;-79m[AndroidUiautomator2Driver@1470] Got response with status 200: {"sessionId":"240f4778-f4bd-4a24-be13-9f7fbad1a583","value":{"height":2400,"width":1080}}
2025-08-27 12:37:58:412 [a7d59379][38;5;-79m[AndroidUiautomator2Driver@1470] Got response with status 200: {"sessionId":"240f4778-f4bd-4a24-be13-9f7fbad1a583","value":{"statusBar":63}}
2025-08-27 12:37:58:444 [a7d59379][38;5;-79m[AndroidUiautomator2Driver@1470] Got response with status 200: {"sessionId":"240f4778-f4bd-4a24-be13-9f7fbad1a583","value":{"androidId":"6bcff74709824aea","apiVersion":"36","bluetooth":{"state":"ON"},"brand":"google","carrierName":"T-Mobile","displayDensity":420,"locale":"en_US","manufacturer":"Google","model":"sdk_gphone64_arm64","networks":[{"capabilities":{"SSID":null,"linkDownBandwidthKbps":30000,"linkUpstreamBandwidthKbps":12000,"networkCapabilities":"NET_CAPABILITY_NOT_METERED,NET_CAPABILITY_INTERNET,NET_CAPABILITY_NOT_RESTRICTED,NET_CAPABILITY_TRUSTED,NET_CAPABILITY_NOT_VPN,NET_CAPABILITY_VALIDATED,NET_CAPABILITY_NOT_ROAMING,NET_CAPABILITY_FOREGROUND,NET_CAPABILITY_NOT_CONGESTED,NET_CAPABILITY_NOT_SUSPENDED","signalStrength":-50,"transportTypes":"TRANSPORT_WIFI"},"detailedState":"CONNECTED","extraInfo":"","isAvailable":true,"isConnected":true,"isFailover":false,"isRoaming":false,"state":"CONNECTED","subtype":-1,"subtypeName":"","type":1,"typeName":"WIFI"},{"capabilities":{"SSID":null,"linkDownBandwidthKbps":145000,"linkUpstreamBandwidthKbps":60000,"networkCapab...
2025-08-27 12:37:58:500 [a7d59379][38;5;-79m[AndroidUiautomator2Driver@1470] Screen already unlocked, doing nothing
2025-08-27 12:37:58:501 [a7d59379][38;5;-79m[AndroidUiautomator2Driver@1470] Starting a chrome-based browser session
2025-08-27 12:37:58:501 [a7d59379][38;5;-79m[AndroidUiautomator2Driver@1470] A port was not given, using random free port: 58703
2025-08-27 12:37:58:501 [a7d59379][38;5;-79m[AndroidUiautomator2Driver@1470] Automated Chromedriver download is disabled. Use 'chromedriver_autodownload' server feature to enable it
2025-08-27 12:37:58:502 [a7d59379][Chromedriver@fd11] JWProxy options: {"server":"127.0.0.1","port":"58703","scheme":"http","base":"","reqBasePath":"","sessionId":null,"timeout":240000}
2025-08-27 12:37:58:502 [a7d59379][38;5;-79m[AndroidUiautomator2Driver@1470] Precalculated Chromedriver capabilities: {
  "androidPackage": "com.android.chrome",
  "androidDeviceSerial": "emulator-5554"
}
2025-08-27 12:37:58:502 [a7d59379][38;5;-79m[AndroidUiautomator2Driver@1470] Before starting chromedriver, androidPackage is 'com.android.chrome'
2025-08-27 12:37:58:502 [a7d59379][Chromedriver@fd11] Changed state to 'starting'
2025-08-27 12:37:58:503 [a7d59379][Chromedriver@fd11] Using the static Chromedriver->Chrome mapping
2025-08-27 12:37:58:503 [a7d59379][Chromedriver@fd11] The most recent known Chrome version: 139.0.7258
2025-08-27 12:37:58:504 [a7d59379][Chromedriver@fd11] Found 1 executable in '/opt/homebrew/lib/node_modules/chromedriver/lib/chromedriver'
2025-08-27 12:37:58:516 [a7d59379][Chromedriver@fd11] The following Chromedriver executables were found:
2025-08-27 12:37:58:517 [a7d59379][Chromedriver@fd11]     '/opt/homebrew/lib/node_modules/chromedriver/lib/chromedriver/chromedriver' (version '133.0.6943.141', minimum Chrome version '133.0.6943')
2025-08-27 12:37:58:517 [a7d59379][ADB] Getting package info for 'com.android.chrome'
2025-08-27 12:37:58:517 [a7d59379][ADB] Running '/Users/swt/Library/Android/sdk/platform-tools/adb -P 5037 -s emulator-5554 shell dumpsys package com.android.chrome'
2025-08-27 12:37:58:537 [a7d59379][Chromedriver@fd11] Found Chrome bundle 'com.android.chrome' version '133.0.6943'
2025-08-27 12:37:58:537 [a7d59379][Chromedriver@fd11] Found 1 executable capable of automating Chrome '133.0.6943'.
Choosing the most recent, '/opt/homebrew/lib/node_modules/chromedriver/lib/chromedriver/chromedriver'.
2025-08-27 12:37:58:537 [a7d59379][Chromedriver@fd11] If a specific version is required, specify it with the 'chromedriverExecutable' capability.
2025-08-27 12:37:58:538 [a7d59379][Chromedriver@fd11] Set chromedriver binary as: /opt/homebrew/lib/node_modules/chromedriver/lib/chromedriver/chromedriver
2025-08-27 12:37:58:538 [a7d59379][Chromedriver@fd11] Killing any old chromedrivers, running: pkill -15 -f "/opt/homebrew/lib/node_modules/chromedriver/lib/chromedriver/chromedriver.*--port=58703"
2025-08-27 12:37:58:558 [a7d59379][Chromedriver@fd11] No old chromedrivers seem to exist
2025-08-27 12:37:58:559 [a7d59379][Chromedriver@fd11] Cleaning this device's adb forwarded port socket connections: emulator-5554
2025-08-27 12:37:58:559 [a7d59379][ADB] List forwarding ports
2025-08-27 12:37:58:559 [a7d59379][ADB] Running '/Users/swt/Library/Android/sdk/platform-tools/adb -P 5037 -s emulator-5554 forward --list'
2025-08-27 12:37:58:568 [a7d59379][Chromedriver@fd11] Spawning Chromedriver with: /opt/homebrew/lib/node_modules/chromedriver/lib/chromedriver/chromedriver --port=58703 --adb-port=5037 --verbose
2025-08-27 12:37:58:573 [a7d59379][Chromedriver@fd11] Matched '/status' to command name 'getStatus'
2025-08-27 12:37:58:574 [a7d59379][Chromedriver@fd11] Proxying [GET /status] to [GET http://127.0.0.1:58703/status] with no body
2025-08-27 12:37:58:583 [a7d59379][Chromedriver@fd11] connect ECONNREFUSED 127.0.0.1:58703
2025-08-27 12:37:58:788 [a7d59379][Chromedriver@fd11] Matched '/status' to command name 'getStatus'
2025-08-27 12:37:58:788 [a7d59379][Chromedriver@fd11] Proxying [GET /status] to [GET http://127.0.0.1:58703/status] with no body
2025-08-27 12:37:58:802 [a7d59379][Chromedriver@fd11] Got response with status 200: {"value":{"build":{"version":"133.0.6943.141 (2a5d6da0d6165d7b107502095a937fe7704fcef6-refs/branch-heads/6943@{#1912})"},"message":"ChromeDriver ready for new sessions.","os":{"arch":"arm64","name":"Mac OS X","version":"15.6.0"},"ready":true}}
2025-08-27 12:37:58:803 [a7d59379][Chromedriver@fd11] Chromedriver version: 133.0.6943.141
2025-08-27 12:37:58:804 [a7d59379][Chromedriver@fd11] Starting W3C Chromedriver session with capabilities: {
  "capabilities": {
    "alwaysMatch": {
      "goog:chromeOptions": {
        "androidPackage": "com.android.chrome",
        "androidDeviceSerial": "emulator-5554"
      },
      "goog:loggingPrefs": {
        "browser": "ALL"
      }
    }
  }
}
2025-08-27 12:37:58:804 [a7d59379][Chromedriver@fd11] Matched '/session' to command name 'createSession'
2025-08-27 12:37:58:804 [a7d59379][Chromedriver@fd11] Proxying [POST /session] to [POST http://127.0.0.1:58703/session] with body: {"capabilities":{"alwaysMatch":{"goog:chromeOptions":{"androidPackage":"com.android.chrome","androidDeviceSerial":"emulator-5554"},"goog:loggingPrefs":{"browser":"ALL"}}}}
2025-08-27 12:38:00:558 [a7d59379][Chromedriver@fd11] Webview version: 'Chrome/133.0.6943.137'
2025-08-27 12:38:00:630 [a7d59379][Chromedriver@fd11] Got response with status 200: {"value":{"capabilities":{"acceptInsecureCerts":false,"browserName":"chrome","browserVersion":"133.0.6943.137","chrome":{"chromedriverVersion":"133.0.6943.141 (2a5d6da0d6165d7b107502095a937fe7704fcef6-refs/branch-heads/6943@{#1912})"},"fedcm:accounts":true,"goog:chromeOptions":{"debuggerAddress":"localhost:58756"},"pageLoadStrategy":"normal","platformName":"android","proxy":{},"setWindowRect":false,"strictFileInteractability":false,"timeouts":{"implicit":0,"pageLoad":300000,"script":30000},"unhandledPromptBehavior":"dismiss and notify","webauthn:extension:credBlob":false,"webauthn:extension:largeBlob":false,"webauthn:extension:minPinLength":false,"webauthn:extension:prf":false,"webauthn:virtualAuthenticators":false},"sessionId":"22dac21767f2a470ced1c13370bd7bab"}}
2025-08-27 12:38:00:630 [a7d59379][Chromedriver@fd11] Determined the downstream protocol as 'W3C'
2025-08-27 12:38:00:630 [a7d59379][Chromedriver@fd11] Changed state to 'online'
2025-08-27 12:38:00:631 [a7d59379][AppiumDriver@5c2b] New AndroidUiautomator2Driver session created successfully, session a7d59379-1524-4c91-81a0-5a2d2c299e4e added to master session list
2025-08-27 12:38:00:631 [a7d59379][AppiumDriver@5c2b] Event 'newSessionStarted' logged at 1756298280631 (15:38:00 GMT+0300 (GMT+03:00))
2025-08-27 12:38:00:631 [a7d59379][38;5;-79m[AndroidUiautomator2Driver@1470] Cached the protocol value 'W3C' for the new session a7d59379-1524-4c91-81a0-5a2d2c299e4e
2025-08-27 12:38:00:632 [a7d59379][38;5;-79m[AndroidUiautomator2Driver@1470] Responding to client with driver.createSession() result: {"capabilities":{"browserName":"Chrome","platformName":"ANDROID","autoGrantPermissions":true,"automationName":"UiAutomator2","chromedriverExecutableDir":"/opt/homebrew/lib/node_modules/chromedriver/lib/chromedriver","deviceName":"emulator-5554","fullReset":false,"newCommandTimeout":60,"noReset":true,"platformVersion":"16","systemPort":8200,"udid":"emulator-5554","platform":"LINUX","webStorageEnabled":false,"takesScreenshot":true,"javascriptEnabled":true,"databaseEnabled":false,"networkConnectionEnabled":true,"locationContextEnabled":false,"warnings":{},"desired":{"browserName":"Chrome","platformName":"ANDROID","autoGrantPermissions":true,"automationName":"UiAutomator2","chromedriverExecutableDir":"/opt/homebrew/lib/node_modules/chromedriver/lib/chromedriver","deviceName":"sdk_gphone64_arm64","fullReset":false,"newCommandTimeout":60,"noReset":true,"platformVersion":"16","systemPort":8200,"udid":"emulator-5554","appPackage":"com.android.chrome","appActivity":"com.android.chrome/com.google.android.apps.chrome...
2025-08-27 12:38:00:635 [a7d59379][HTTP] <-- POST /wd/hub/session 200 3806 ms - 1364 
2025-08-27 12:38:05:294 [a7d59379][HTTP] --> DELETE /wd/hub/session/a7d59379-1524-4c91-81a0-5a2d2c299e4e 
2025-08-27 12:38:05:294 [a7d59379][38;5;-79m[AndroidUiautomator2Driver@1470] Calling AppiumDriver.deleteSession() with args: ["a7d59379-1524-4c91-81a0-5a2d2c299e4e"]
2025-08-27 12:38:05:294 [a7d59379][AppiumDriver@5c2b] Event 'quitSessionRequested' logged at 1756298285294 (15:38:05 GMT+0300 (GMT+03:00))
2025-08-27 12:38:05:294 [a7d59379][AppiumDriver@5c2b] Removing session a7d59379-1524-4c91-81a0-5a2d2c299e4e from our master session list
2025-08-27 12:38:05:294 [a7d59379][38;5;-79m[AndroidUiautomator2Driver@1470] Deleting UiAutomator2 session
2025-08-27 12:38:05:295 [a7d59379][38;5;-79m[AndroidUiautomator2Driver@1470] Stopping chromedriver for context CHROMIUM
2025-08-27 12:38:05:295 [a7d59379][Chromedriver@fd11] Changed state to 'stopping'
2025-08-27 12:38:05:295 [a7d59379][Chromedriver@fd11] Proxying [DELETE /] to [DELETE http://127.0.0.1:58703/session/22dac21767f2a470ced1c13370bd7bab] with no body
2025-08-27 12:38:05:539 [a7d59379][Chromedriver@fd11] Got response with status 200: {"value":null}
2025-08-27 12:38:05:541 [a7d59379][Chromedriver@fd11] Changed state to 'stopped'
2025-08-27 12:38:05:542 [a7d59379][38;5;-79m[AndroidUiautomator2Driver@1470] Deleting UiAutomator2 server session
2025-08-27 12:38:05:542 [a7d59379][38;5;-79m[AndroidUiautomator2Driver@1470] Proxying [DELETE /] to [DELETE http://127.0.0.1:8200/session/240f4778-f4bd-4a24-be13-9f7fbad1a583] with no body
2025-08-27 12:38:05:579 [a7d59379][38;5;-79m[AndroidUiautomator2Driver@1470] Got response with status 200: {"sessionId":"240f4778-f4bd-4a24-be13-9f7fbad1a583","value":null}
2025-08-27 12:38:05:580 [a7d59379][ADB] Getting IDs of all 'io.appium.uiautomator2.server' processes
2025-08-27 12:38:05:580 [a7d59379][ADB] Running '/Users/swt/Library/Android/sdk/platform-tools/adb -P 5037 -s emulator-5554 shell 'pgrep --help; echo $?''
2025-08-27 12:38:05:635 [a7d59379][ADB] Running '/Users/swt/Library/Android/sdk/platform-tools/adb -P 5037 -s emulator-5554 shell pgrep -f \(\[\[:blank:\]\]\|\^\)io\.appium\.uiautomator2\.server\(:\[a-zA-Z0-9_-\]\+\)\?\(\[\[:blank:\]\]\|\$\)'
2025-08-27 12:38:05:765 [a7d59379][38;5;-79m[AndroidUiautomator2Driver@1470] [Instrumentation] io.appium.uiautomator2.server.test.AppiumUiAutomator2Server:.
2025-08-27 12:38:05:765 [a7d59379][38;5;-79m[AndroidUiautomator2Driver@1470] [Instrumentation] 
2025-08-27 12:38:05:765 [a7d59379][38;5;-79m[AndroidUiautomator2Driver@1470] [Instrumentation] Time: 7.872
2025-08-27 12:38:05:765 [a7d59379][38;5;-79m[AndroidUiautomator2Driver@1470] [Instrumentation] 
2025-08-27 12:38:05:766 [a7d59379][38;5;-79m[AndroidUiautomator2Driver@1470] [Instrumentation] OK (1 test)
2025-08-27 12:38:05:766 [a7d59379][38;5;-79m[AndroidUiautomator2Driver@1470] [Instrumentation] 
2025-08-27 12:38:05:766 [a7d59379][38;5;-79m[AndroidUiautomator2Driver@1470] [Instrumentation] 
2025-08-27 12:38:05:885 [a7d59379][38;5;-79m[AndroidUiautomator2Driver@1470] [Instrumentation] The process has exited with code 0, signal null
2025-08-27 12:38:06:006 [a7d59379][ADB] Getting IDs of all 'io.appium.uiautomator2.server' processes
2025-08-27 12:38:06:006 [a7d59379][ADB] Running '/Users/swt/Library/Android/sdk/platform-tools/adb -P 5037 -s emulator-5554 shell pgrep -f \(\[\[:blank:\]\]\|\^\)io\.appium\.uiautomator2\.server\(:\[a-zA-Z0-9_-\]\+\)\?\(\[\[:blank:\]\]\|\$\)'
2025-08-27 12:38:06:045 [a7d59379][ADB] Running '/Users/swt/Library/Android/sdk/platform-tools/adb -P 5037 -s emulator-5554 shell am force-stop io.appium.uiautomator2.server'
2025-08-27 12:38:06:046 [a7d59379][ADB] Running '/Users/swt/Library/Android/sdk/platform-tools/adb -P 5037 -s emulator-5554 shell am force-stop io.appium.uiautomator2.server.test'
2025-08-27 12:38:06:089 [a7d59379][ADB] Running '/Users/swt/Library/Android/sdk/platform-tools/adb -P 5037 -s emulator-5554 shell dumpsys activity services io.appium.settings/.recorder.RecorderService'
2025-08-27 12:38:06:089 [a7d59379][ADB] Removing forwarded port socket connection: 8200 
2025-08-27 12:38:06:089 [a7d59379][ADB] Running '/Users/swt/Library/Android/sdk/platform-tools/adb -P 5037 -s emulator-5554 forward --remove tcp:8200'
2025-08-27 12:38:06:099 [a7d59379][38;5;-79m[AndroidUiautomator2Driver@1470] Restoring hidden api policy to the device default configuration
2025-08-27 12:38:06:099 [a7d59379][ADB] Running '/Users/swt/Library/Android/sdk/platform-tools/adb -P 5037 -s emulator-5554 shell 'settings delete global hidden_api_policy_pre_p_apps;settings delete global hidden_api_policy_p_apps;settings delete global hidden_api_policy''
2025-08-27 12:38:06:135 [a7d59379][Logcat] Stopping logcat capture
2025-08-27 12:38:06:136 [a7d59379][AppiumDriver@5c2b] Event 'quitSessionFinished' logged at 1756298286136 (15:38:06 GMT+0300 (GMT+03:00))
2025-08-27 12:38:06:136 [a7d59379][AppiumDriver@5c2b] Received response: null
2025-08-27 12:38:06:136 [a7d59379][AppiumDriver@5c2b] But deleting session, so not returning
2025-08-27 12:38:06:136 [a7d59379][AppiumDriver@5c2b] Responding to client with driver.deleteSession() result: null
2025-08-27 12:38:06:136 [a7d59379][HTTP] <-- DELETE /wd/hub/session/a7d59379-1524-4c91-81a0-5a2d2c299e4e 200 843 ms - 14 
2025-08-27 12:38:06:159 [Appium] Received SIGTERM - shutting down
