2025-08-27 11:56:28:922 [Appium] Welcome to Appium v3.0.1 (REV 02947ea4edbdef5fcce9ee57fa289547f4d096c9)
2025-08-27 11:56:28:923 [Appium] Non-default server args:
2025-08-27 11:56:28:924 [Appium] { basePath: '/wd/hub' }
2025-08-27 11:56:28:924 [Appium] The autodetected Appium home path: /Users/swt/.appium
2025-08-27 11:56:28:924 [Appium] Attempting to load driver uiautomator2...
2025-08-27 11:56:28:925 [Appium] Requiring driver at /Users/swt/.appium/node_modules/appium-uiautomator2-driver/build/index.js
2025-08-27 11:56:29:261 [Appium] AndroidUiautomator2Driver has been successfully loaded in 0.337s
2025-08-27 11:56:29:270 [Appium] Appium REST http interface listener started on http://0.0.0.0:4723/wd/hub
2025-08-27 11:56:29:271 [Appium] You can provide the following URLs in your client code to connect to this server:
	http://127.0.0.1:4723/wd/hub (only accessible from the same host)
	http://10.18.229.63:4723/wd/hub
2025-08-27 11:56:29:271 [Appium] Available drivers:
2025-08-27 11:56:29:271 [Appium]   - uiautomator2@5.0.0 (automationName 'UiAutomator2')
2025-08-27 11:56:29:271 [Appium] No plugins have been installed. Use the "appium plugin" command to install the one(s) you want to use.
2025-08-27 11:56:38:705 [HTTP] Request idempotency key: 0f8c0d73-00a7-4242-8fde-902e7ffd0287
2025-08-27 11:56:38:710 [HTTP] --> POST /wd/hub/session {"capabilities":{"firstMatch":[{}],"alwaysMatch":{"appium:autoGrantPermissions":true,"appium:automationName":"UiAutomator2","appium:chromedriverAutodownload":true,"appium:deviceName":"Emulator-5554","appium:fullReset":false,"appium:newCommandTimeout":60,"appium:noReset":true,"appium:platformVersion":"11.0","appium:systemPort":8200,"appium:udid":"emulator-5554","browserName":"Chrome","platformName":"ANDROID"}}}
2025-08-27 11:56:38:711 [AppiumDriver@73a6] Calling AppiumDriver.createSession() with args: [{"firstMatch":[{}],"alwaysMatch":{"appium:autoGrantPermissions":true,"appium:automationName":"UiAutomator2","appium:chromedriverAutodownload":true,"appium:deviceName":"Emulator-5554","appium:fullReset":false,"appium:newCommandTimeout":60,"appium:noReset":true,"appium:platformVersion":"11.0","appium:systemPort":8200,"appium:udid":"emulator-5554","browserName":"Chrome","platformName":"ANDROID"}},{"firstMatch":[{}],"alwaysMatch":{"appium:autoGrantPermissions":true,"appium:automationName":"UiAutomator2","appium:chromedriverAutodownload":true,"appium:deviceName":"Emulator-5554","appium:fullReset":false,"appium:newCommandTimeout":60,"appium:noReset":true,"appium:platformVersion":"11.0","appium:systemPort":8200,"appium:udid":"emulator-5554","browserName":"Chrome","platformName":"ANDROID"}},{"firstMatch":[{}],"alwaysMatch":{"appium:autoGrantPermissions":true,"appium:automationName":"UiAutomator2","appium:chromedriverAutodownload":true,"appium:deviceName":"Emulator-5554","appium:fullReset":false,"appium:newCommand...
2025-08-27 11:56:38:711 [AppiumDriver@73a6] Event 'newSessionRequested' logged at 1756295798711 (14:56:38 GMT+0300 (GMT+03:00))
2025-08-27 11:56:38:712 [Appium] Attempting to find matching driver for automationName 'UiAutomator2' and platformName 'ANDROID'
2025-08-27 11:56:38:712 [Appium] The 'uiautomator2' driver was installed and matched caps.
2025-08-27 11:56:38:712 [Appium] Will require it at /Users/swt/.appium/node_modules/appium-uiautomator2-driver
2025-08-27 11:56:38:713 [Appium] Requiring driver at /Users/swt/.appium/node_modules/appium-uiautomator2-driver/build/index.js
2025-08-27 11:56:38:713 [AppiumDriver@73a6] Appium v3.0.1 creating new AndroidUiautomator2Driver (v5.0.0) session
2025-08-27 11:56:38:713 [AppiumDriver@73a6] Checking BaseDriver versions for Appium and AndroidUiautomator2Driver
2025-08-27 11:56:38:713 [AppiumDriver@73a6] Appium's BaseDriver version is 10.0.0
2025-08-27 11:56:38:713 [AppiumDriver@73a6] AndroidUiautomator2Driver's BaseDriver version is 10.0.0
2025-08-27 11:56:38:715 [38;5;-14m[AndroidUiautomator2Driver@fb8e] 
2025-08-27 11:56:38:715 [38;5;-14m[AndroidUiautomator2Driver@fb8e] Creating session with W3C capabilities: {
  "alwaysMatch": {
    "browserName": "Chrome",
    "platformName": "ANDROID",
    "appium:autoGrantPermissions": true,
    "appium:automationName": "UiAutomator2",
    "appium:chromedriverAutodownload": true,
    "appium:deviceName": "Emulator-5554",
    "appium:fullReset": false,
    "appium:newCommandTimeout": 60,
    "appium:noReset": true,
    "appium:platformVersion": "11.0",
    "appium:systemPort": 8200,
    "appium:udid": "emulator-5554"
  },
  "firstMatch": [
    {}
  ]
}
2025-08-27 11:56:38:716 [38;5;-14m[AndroidUiautomator2Driver@fb8e] The following provided capabilities were not recognized by this driver:
2025-08-27 11:56:38:716 [38;5;-14m[AndroidUiautomator2Driver@fb8e]   chromedriverAutodownload
2025-08-27 11:56:38:717 [44bdcfb5][38;5;-14m[AndroidUiautomator2Driver@fb8e] Session created with session id: 44bdcfb5-021a-401d-9b21-1c856c41a1cb
2025-08-27 11:56:38:718 [44bdcfb5][38;5;-14m[AndroidUiautomator2Driver@fb8e] Deleting UiAutomator2 session
2025-08-27 11:56:38:718 [44bdcfb5][AppiumDriver@73a6] Event 'newSessionStarted' logged at 1756295798718 (14:56:38 GMT+0300 (GMT+03:00))
2025-08-27 11:56:38:730 [44bdcfb5][AppiumDriver@73a6] Encountered internal error running command: Error: Neither ANDROID_HOME nor ANDROID_SDK_ROOT environment variable was exported. Read https://developer.android.com/studio/command-line/variables for more details
    at requireSdkRoot (/Users/swt/.appium/node_modules/appium-uiautomator2-driver/node_modules/appium-adb/lib/helpers.js:77:11)
    at ADB.createADB (/Users/swt/.appium/node_modules/appium-uiautomator2-driver/node_modules/appium-adb/lib/adb.ts:131:39)
    at createBaseADB (/Users/swt/.appium/node_modules/appium-uiautomator2-driver/node_modules/appium-android-driver/lib/commands/device/utils.js:137:20)
    at AndroidUiautomator2Driver.getDeviceInfoFromCaps (/Users/swt/.appium/node_modules/appium-uiautomator2-driver/node_modules/appium-android-driver/lib/commands/device/common.js:29:34)
    at AndroidUiautomator2Driver.createSession (/Users/swt/.appium/node_modules/appium-uiautomator2-driver/lib/driver.ts:360:41)
    at AppiumDriver.createSession (/opt/homebrew/lib/node_modules/appium/lib/appium.js:360:35)
2025-08-27 11:56:38:735 [44bdcfb5][HTTP] <-- POST /wd/hub/session 500 24 ms - 1674 
2025-08-27 11:56:38:853 [Appium] Received SIGTERM - shutting down
